{"numFailedTestSuites":2,"numFailedTests":2,"numPassedTestSuites":0,"numPassedTests":2,"numPendingTestSuites":0,"numPendingTests":0,"numRuntimeErrorTestSuites":0,"numTodoTests":0,"numTotalTestSuites":2,"numTotalTests":4,"openHandles":[],"snapshot":{"added":0,"didUpdate":false,"failure":false,"filesAdded":0,"filesRemoved":0,"filesRemovedList":[],"filesUnmatched":0,"filesUpdated":0,"matched":0,"total":0,"unchecked":0,"uncheckedKeysByFile":[],"unmatched":0,"updated":0},"startTime":1782013018873,"success":false,"testResults":[{"assertionResults":[{"ancestorTitles":["Soroban Utilities"],"failureMessages":["Error: \u001b[2mexpect(\u001b[22m\u001b[31mreceived\u001b[39m\u001b[2m).\u001b[22mtoBe\u001b[2m(\u001b[22m\u001b[32mexpected\u001b[39m\u001b[2m) // Object.is equality\u001b[22m\n\nExpected: \u001b[32m\"GDUXWQ...VR4\"\u001b[39m\nReceived: \u001b[31m\"GDUXWQ...\u001b[7mT\u001b[27mVR4\"\u001b[39m\n    at Object.<anonymous> (E:\\stellar level 1\\stellar-new\\src\\utils\\soroban.test.js:6:34)\n    at Promise.then.completed (E:\\stellar level 1\\stellar-new\\node_modules\\jest-circus\\build\\utils.js:391:28)\n    at new Promise (<anonymous>)\n    at callAsyncCircusFn (E:\\stellar level 1\\stellar-new\\node_modules\\jest-circus\\build\\utils.js:316:10)\n    at _callCircusTest (E:\\stellar level 1\\stellar-new\\node_modules\\jest-circus\\build\\run.js:218:40)\n    at processTicksAndRejections (node:internal/process/task_queues:105:5)\n    at _runTest (E:\\stellar level 1\\stellar-new\\node_modules\\jest-circus\\build\\run.js:155:3)\n    at _runTestsForDescribeBlock (E:\\stellar level 1\\stellar-new\\node_modules\\jest-circus\\build\\run.js:66:9)\n    at _runTestsForDescribeBlock (E:\\stellar level 1\\stellar-new\\node_modules\\jest-circus\\build\\run.js:60:9)\n    at run (E:\\stellar level 1\\stellar-new\\node_modules\\jest-circus\\build\\run.js:25:3)\n    at runAndTransformResultsToJestFormat (E:\\stellar level 1\\stellar-new\\node_modules\\jest-circus\\build\\legacy-code-todo-rewrite\\jestAdapterInit.js:170:21)\n    at jestAdapter (E:\\stellar level 1\\stellar-new\\node_modules\\jest-circus\\build\\legacy-code-todo-rewrite\\jestAdapter.js:82:19)\n    at runTestInternal (E:\\stellar level 1\\stellar-new\\node_modules\\jest-runner\\build\\runTest.js:389:16)\n    at runTest (E:\\stellar level 1\\stellar-new\\node_modules\\jest-runner\\build\\runTest.js:475:34)\n    at Object.worker (E:\\stellar level 1\\stellar-new\\node_modules\\jest-runner\\build\\testWorker.js:133:12)"],"fullName":"Soroban Utilities shortenAddress formats Stellar address correctly","location":null,"status":"failed","title":"shortenAddress formats Stellar address correctly"},{"ancestorTitles":["Soroban Utilities"],"failureMessages":[],"fullName":"Soroban Utilities shortenAddress returns empty string for null","location":null,"status":"passed","title":"shortenAddress returns empty string for null"},{"ancestorTitles":["Soroban Utilities"],"failureMessages":[],"fullName":"Soroban Utilities formatAmount converts stroops to XLM string","location":null,"status":"passed","title":"formatAmount converts stroops to XLM string"}],"endTime":1782013022817,"message":"\u001b[1m\u001b[31m  \u001b[1m● \u001b[22m\u001b[1mSoroban Utilities › shortenAddress formats Stellar address correctly\u001b[39m\u001b[22m\n\n    \u001b[2mexpect(\u001b[22m\u001b[31mreceived\u001b[39m\u001b[2m).\u001b[22mtoBe\u001b[2m(\u001b[22m\u001b[32mexpected\u001b[39m\u001b[2m) // Object.is equality\u001b[22m\n\n    Expected: \u001b[32m\"GDUXWQ...VR4\"\u001b[39m\n    Received: \u001b[31m\"GDUXWQ...\u001b[7mT\u001b[27mVR4\"\u001b[39m\n\u001b[2m\u001b[22m\n\u001b[2m    \u001b[0m \u001b[90m 4 |\u001b[39m   test(\u001b[32m'shortenAddress formats Stellar address correctly'\u001b[39m\u001b[33m,\u001b[39m () \u001b[33m=>\u001b[39m {\u001b[22m\n\u001b[2m     \u001b[90m 5 |\u001b[39m     \u001b[36mconst\u001b[39m addr \u001b[33m=\u001b[39m \u001b[32m'GDUXWQNSPNM5GUMP3KWXSNOY62GRKPRHUD6IKDJORCRET7CWBKQ3TVR4'\u001b[39m\u001b[33m;\u001b[39m\u001b[22m\n\u001b[2m    \u001b[31m\u001b[1m>\u001b[22m\u001b[2m\u001b[39m\u001b[90m 6 |\u001b[39m     expect(shortenAddress(addr))\u001b[33m.\u001b[39mtoBe(\u001b[32m'GDUXWQ...VR4'\u001b[39m)\u001b[33m;\u001b[39m\u001b[22m\n\u001b[2m     \u001b[90m   |\u001b[39m                                  \u001b[31m\u001b[1m^\u001b[22m\u001b[2m\u001b[39m\u001b[22m\n\u001b[2m     \u001b[90m 7 |\u001b[39m   })\u001b[33m;\u001b[39m\u001b[22m\n\u001b[2m     \u001b[90m 8 |\u001b[39m\u001b[22m\n\u001b[2m     \u001b[90m 9 |\u001b[39m   test(\u001b[32m'shortenAddress returns empty string for null'\u001b[39m\u001b[33m,\u001b[39m () \u001b[33m=>\u001b[39m {\u001b[0m\u001b[22m\n\u001b[2m\u001b[22m\n\u001b[2m      \u001b[2mat Object.<anonymous> (\u001b[22m\u001b[2m\u001b[0m\u001b[36msrc/utils/soroban.test.js\u001b[39m\u001b[0m\u001b[2m:6:34)\u001b[22m\u001b[2m\u001b[22m\n","name":"E:\\stellar level 1\\stellar-new\\src\\utils\\soroban.test.js","startTime":1782013021015,"status":"failed","summary":""},{"assertionResults":[{"ancestorTitles":[],"failureMessages":["TypeError: Cannot read properties of null (reading 'clearRect')\n    at draw (E:\\stellar level 1\\stellar-new\\src\\components\\Background.js:41:11)\n    at loop (E:\\stellar level 1\\stellar-new\\src\\components\\Background.js:92:7)\n    at E:\\stellar level 1\\stellar-new\\src\\components\\Background.js:96:5\n    at commitHookEffectListMount (E:\\stellar level 1\\stellar-new\\node_modules\\react-dom\\cjs\\react-dom.development.js:23150:26)\n    at commitPassiveMountOnFiber (E:\\stellar level 1\\stellar-new\\node_modules\\react-dom\\cjs\\react-dom.development.js:24931:11)\n    at commitPassiveMountEffects_complete (E:\\stellar level 1\\stellar-new\\node_modules\\react-dom\\cjs\\react-dom.development.js:24891:9)\n    at commitPassiveMountEffects_begin (E:\\stellar level 1\\stellar-new\\node_modules\\react-dom\\cjs\\react-dom.development.js:24878:7)\n    at commitPassiveMountEffects (E:\\stellar level 1\\stellar-new\\node_modules\\react-dom\\cjs\\react-dom.development.js:24866:3)\n    at flushPassiveEffectsImpl (E:\\stellar level 1\\stellar-new\\node_modules\\react-dom\\cjs\\react-dom.development.js:27039:3)\n    at flushPassiveEffects (E:\\stellar level 1\\stellar-new\\node_modules\\react-dom\\cjs\\react-dom.development.js:26984:14)\n    at E:\\stellar level 1\\stellar-new\\node_modules\\react-dom\\cjs\\react-dom.development.js:26769:9\n    at flushActQueue (E:\\stellar level 1\\stellar-new\\node_modules\\react\\cjs\\react.development.js:2667:24)\n    at act (E:\\stellar level 1\\stellar-new\\node_modules\\react\\cjs\\react.development.js:2582:11)\n    at E:\\stellar level 1\\stellar-new\\node_modules\\@testing-library\\react\\dist\\act-compat.js:46:25\n    at renderRoot (E:\\stellar level 1\\stellar-new\\node_modules\\@testing-library\\react\\dist\\pure.js:189:26)\n    at render (E:\\stellar level 1\\stellar-new\\node_modules\\@testing-library\\react\\dist\\pure.js:291:10)\n    at Object.<anonymous> (E:\\stellar level 1\\stellar-new\\src\\App.test.js:47:9)\n    at Promise.then.completed (E:\\stellar level 1\\stellar-new\\node_modules\\jest-circus\\build\\utils.js:391:28)\n    at new Promise (<anonymous>)\n    at callAsyncCircusFn (E:\\stellar level 1\\stellar-new\\node_modules\\jest-circus\\build\\utils.js:316:10)\n    at _callCircusTest (E:\\stellar level 1\\stellar-new\\node_modules\\jest-circus\\build\\run.js:218:40)\n    at processTicksAndRejections (node:internal/process/task_queues:105:5)\n    at _runTest (E:\\stellar level 1\\stellar-new\\node_modules\\jest-circus\\build\\run.js:155:3)\n    at _runTestsForDescribeBlock (E:\\stellar level 1\\stellar-new\\node_modules\\jest-circus\\build\\run.js:66:9)\n    at run (E:\\stellar level 1\\stellar-new\\node_modules\\jest-circus\\build\\run.js:25:3)\n    at runAndTransformResultsToJestFormat (E:\\stellar level 1\\stellar-new\\node_modules\\jest-circus\\build\\legacy-code-todo-rewrite\\jestAdapterInit.js:170:21)\n    at jestAdapter (E:\\stellar level 1\\stellar-new\\node_modules\\jest-circus\\build\\legacy-code-todo-rewrite\\jestAdapter.js:82:19)\n    at runTestInternal (E:\\stellar level 1\\stellar-new\\node_modules\\jest-runner\\build\\runTest.js:389:16)\n    at runTest (E:\\stellar level 1\\stellar-new\\node_modules\\jest-runner\\build\\runTest.js:475:34)\n    at Object.worker (E:\\stellar level 1\\stellar-new\\node_modules\\jest-runner\\build\\testWorker.js:133:12)"],"fullName":"renders FreelanceChain brand name","location":null,"status":"failed","title":"renders FreelanceChain brand name"}],"endTime":1782013023826,"message":"\u001b[1m\u001b[31m  \u001b[1m● \u001b[22m\u001b[1mrenders FreelanceChain brand name\u001b[39m\u001b[22m\n\n    TypeError: Cannot read properties of null (reading 'clearRect')\n\u001b[2m\u001b[22m\n\u001b[2m    \u001b[0m \u001b[90m 39 |\u001b[39m\u001b[22m\n\u001b[2m     \u001b[90m 40 |\u001b[39m     \u001b[36mfunction\u001b[39m draw() {\u001b[22m\n\u001b[2m    \u001b[31m\u001b[1m>\u001b[22m\u001b[2m\u001b[39m\u001b[90m 41 |\u001b[39m       ctx\u001b[33m.\u001b[39mclearRect(\u001b[35m0\u001b[39m\u001b[33m,\u001b[39m \u001b[35m0\u001b[39m\u001b[33m,\u001b[39m \u001b[33mW\u001b[39m\u001b[33m,\u001b[39m \u001b[33mH\u001b[39m)\u001b[33m;\u001b[39m\u001b[22m\n\u001b[2m     \u001b[90m    |\u001b[39m           \u001b[31m\u001b[1m^\u001b[22m\u001b[2m\u001b[39m\u001b[22m\n\u001b[2m     \u001b[90m 42 |\u001b[39m\u001b[22m\n\u001b[2m     \u001b[90m 43 |\u001b[39m       \u001b[90m// Draw Network Lines\u001b[39m\u001b[22m\n\u001b[2m     \u001b[90m 44 |\u001b[39m       \u001b[36mfor\u001b[39m (\u001b[36mlet\u001b[39m i \u001b[33m=\u001b[39m \u001b[35m0\u001b[39m\u001b[33m;\u001b[39m i \u001b[33m<\u001b[39m nodes\u001b[33m.\u001b[39mlength\u001b[33m;\u001b[39m i\u001b[33m++\u001b[39m) {\u001b[0m\u001b[22m\n\u001b[2m\u001b[22m\n\u001b[2m      \u001b[2mat draw (\u001b[22m\u001b[2msrc/components/Background.js\u001b[2m:41:11)\u001b[22m\u001b[2m\u001b[22m\n\u001b[2m      \u001b[2mat loop (\u001b[22m\u001b[2msrc/components/Background.js\u001b[2m:92:7)\u001b[22m\u001b[2m\u001b[22m\n\u001b[2m      \u001b[2mat \u001b[22m\u001b[2msrc/components/Background.js\u001b[2m:96:5\u001b[22m\u001b[2m\u001b[22m\n\u001b[2m      \u001b[2mat commitHookEffectListMount (\u001b[22m\u001b[2mnode_modules/react-dom/cjs/react-dom.development.js\u001b[2m:23150:26)\u001b[22m\u001b[2m\u001b[22m\n\u001b[2m      \u001b[2mat commitPassiveMountOnFiber (\u001b[22m\u001b[2mnode_modules/react-dom/cjs/react-dom.development.js\u001b[2m:24931:11)\u001b[22m\u001b[2m\u001b[22m\n\u001b[2m      \u001b[2mat commitPassiveMountEffects_complete (\u001b[22m\u001b[2mnode_modules/react-dom/cjs/react-dom.development.js\u001b[2m:24891:9)\u001b[22m\u001b[2m\u001b[22m\n\u001b[2m      \u001b[2mat commitPassiveMountEffects_begin (\u001b[22m\u001b[2mnode_modules/react-dom/cjs/react-dom.development.js\u001b[2m:24878:7)\u001b[22m\u001b[2m\u001b[22m\n\u001b[2m      \u001b[2mat commitPassiveMountEffects (\u001b[22m\u001b[2mnode_modules/react-dom/cjs/react-dom.development.js\u001b[2m:24866:3)\u001b[22m\u001b[2m\u001b[22m\n\u001b[2m      \u001b[2mat flushPassiveEffectsImpl (\u001b[22m\u001b[2mnode_modules/react-dom/cjs/react-dom.development.js\u001b[2m:27039:3)\u001b[22m\u001b[2m\u001b[22m\n\u001b[2m      \u001b[2mat flushPassiveEffects (\u001b[22m\u001b[2mnode_modules/react-dom/cjs/react-dom.development.js\u001b[2m:26984:14)\u001b[22m\u001b[2m\u001b[22m\n\u001b[2m      \u001b[2mat \u001b[22m\u001b[2mnode_modules/react-dom/cjs/react-dom.development.js\u001b[2m:26769:9\u001b[22m\u001b[2m\u001b[22m\n\u001b[2m      \u001b[2mat flushActQueue (\u001b[22m\u001b[2mnode_modules/react/cjs/react.development.js\u001b[2m:2667:24)\u001b[22m\u001b[2m\u001b[22m\n\u001b[2m      \u001b[2mat act (\u001b[22m\u001b[2mnode_modules/react/cjs/react.development.js\u001b[2m:2582:11)\u001b[22m\u001b[2m\u001b[22m\n\u001b[2m      \u001b[2mat \u001b[22m\u001b[2mnode_modules/@testing-library/react/dist/act-compat.js\u001b[2m:46:25\u001b[22m\u001b[2m\u001b[22m\n\u001b[2m      \u001b[2mat renderRoot (\u001b[22m\u001b[2mnode_modules/@testing-library/react/dist/pure.js\u001b[2m:189:26)\u001b[22m\u001b[2m\u001b[22m\n\u001b[2m      \u001b[2mat render (\u001b[22m\u001b[2mnode_modules/@testing-library/react/dist/pure.js\u001b[2m:291:10)\u001b[22m\u001b[2m\u001b[22m\n\u001b[2m      \u001b[2mat Object.<anonymous> (\u001b[22m\u001b[2m\u001b[0m\u001b[36msrc/App.test.js\u001b[39m\u001b[0m\u001b[2m:47:9)\u001b[22m\u001b[2m\u001b[22m\n","name":"E:\\stellar level 1\\stellar-new\\src\\App.test.js","startTime":1782013021014,"status":"failed","summary":""}],"wasInterrupted":false}